<?xml version="1.0" encoding="UTF-8"?>
<testsuite name="com.efrei.jpa.JpaApplicationTests" tests="1" skipped="0" failures="0" errors="0" timestamp="2019-11-28T11:45:52" hostname="MacBook-Air-de-Ky.local" time="0.117">
  <properties/>
  <testcase name="contextLoads" classname="com.efrei.jpa.JpaApplicationTests" time="0.117"/>
  <system-out><![CDATA[12:45:44.355 [Test worker] DEBUG org.springframework.test.context.junit4.SpringJUnit4ClassRunner - SpringJUnit4ClassRunner constructor called with [class com.efrei.jpa.JpaApplicationTests]
12:45:44.371 [Test worker] DEBUG org.springframework.test.context.BootstrapUtils - Instantiating CacheAwareContextLoaderDelegate from class [org.springframework.test.context.cache.DefaultCacheAwareContextLoaderDelegate]
12:45:44.387 [Test worker] DEBUG org.springframework.test.context.BootstrapUtils - Instantiating BootstrapContext using constructor [public org.springframework.test.context.support.DefaultBootstrapContext(java.lang.Class,org.springframework.test.context.CacheAwareContextLoaderDelegate)]
12:45:44.411 [Test worker] DEBUG org.springframework.test.context.BootstrapUtils - Instantiating TestContextBootstrapper for test class [com.efrei.jpa.JpaApplicationTests] from class [org.springframework.boot.test.context.SpringBootTestContextBootstrapper]
12:45:44.427 [Test worker] INFO org.springframework.boot.test.context.SpringBootTestContextBootstrapper - Neither @ContextConfiguration nor @ContextHierarchy found for test class [com.efrei.jpa.JpaApplicationTests], using SpringBootContextLoader
12:45:44.431 [Test worker] DEBUG org.springframework.test.context.support.AbstractContextLoader - Did not detect default resource location for test class [com.efrei.jpa.JpaApplicationTests]: class path resource [com/efrei/jpa/JpaApplicationTests-context.xml] does not exist
12:45:44.432 [Test worker] DEBUG org.springframework.test.context.support.AbstractContextLoader - Did not detect default resource location for test class [com.efrei.jpa.JpaApplicationTests]: class path resource [com/efrei/jpa/JpaApplicationTestsContext.groovy] does not exist
12:45:44.433 [Test worker] INFO org.springframework.test.context.support.AbstractContextLoader - Could not detect default resource locations for test class [com.efrei.jpa.JpaApplicationTests]: no resource found for suffixes {-context.xml, Context.groovy}.
12:45:44.434 [Test worker] INFO org.springframework.test.context.support.AnnotationConfigContextLoaderUtils - Could not detect default configuration classes for test class [com.efrei.jpa.JpaApplicationTests]: JpaApplicationTests does not declare any static, non-private, non-final, nested classes annotated with @Configuration.
12:45:44.487 [Test worker] DEBUG org.springframework.test.context.support.ActiveProfilesUtils - Could not find an 'annotation declaring class' for annotation type [org.springframework.test.context.ActiveProfiles] and class [com.efrei.jpa.JpaApplicationTests]
12:45:44.578 [Test worker] DEBUG org.springframework.context.annotation.ClassPathScanningCandidateComponentProvider - Identified candidate component class: file [/Users/kyguillaume/eclipse-workspace/jpa_tpl-master/build/classes/java/main/com/efrei/jpa/JpaApplication.class]
12:45:44.599 [Test worker] INFO org.springframework.boot.test.context.SpringBootTestContextBootstrapper - Found @SpringBootConfiguration com.efrei.jpa.JpaApplication for test class com.efrei.jpa.JpaApplicationTests
12:45:44.773 [Test worker] DEBUG org.springframework.boot.test.context.SpringBootTestContextBootstrapper - @TestExecutionListeners is not present for class [com.efrei.jpa.JpaApplicationTests]: using defaults.
12:45:44.774 [Test worker] INFO org.springframework.boot.test.context.SpringBootTestContextBootstrapper - Loaded default TestExecutionListener class names from location [META-INF/spring.factories]: [org.springframework.boot.test.autoconfigure.restdocs.RestDocsTestExecutionListener, org.springframework.boot.test.autoconfigure.web.client.MockRestServiceServerResetTestExecutionListener, org.springframework.boot.test.autoconfigure.web.servlet.MockMvcPrintOnlyOnFailureTestExecutionListener, org.springframework.boot.test.autoconfigure.web.servlet.WebDriverTestExecutionListener, org.springframework.boot.test.mock.mockito.MockitoTestExecutionListener, org.springframework.boot.test.mock.mockito.ResetMocksTestExecutionListener, org.springframework.test.context.web.ServletTestExecutionListener, org.springframework.test.context.support.DirtiesContextBeforeModesTestExecutionListener, org.springframework.test.context.support.DependencyInjectionTestExecutionListener, org.springframework.test.context.support.DirtiesContextTestExecutionListener, org.springframework.test.context.transaction.TransactionalTestExecutionListener, org.springframework.test.context.jdbc.SqlScriptsTestExecutionListener]
12:45:44.795 [Test worker] INFO org.springframework.boot.test.context.SpringBootTestContextBootstrapper - Using TestExecutionListeners: [org.springframework.test.context.web.ServletTestExecutionListener@12b94c57, org.springframework.test.context.support.DirtiesContextBeforeModesTestExecutionListener@4c5cf4a1, org.springframework.boot.test.mock.mockito.MockitoTestExecutionListener@43b3671d, org.springframework.boot.test.autoconfigure.SpringBootDependencyInjectionTestExecutionListener@6c35d930, org.springframework.test.context.support.DirtiesContextTestExecutionListener@34b6fb15, org.springframework.test.context.transaction.TransactionalTestExecutionListener@1f64f8de, org.springframework.test.context.jdbc.SqlScriptsTestExecutionListener@4737ffa0, org.springframework.boot.test.autoconfigure.restdocs.RestDocsTestExecutionListener@509422f, org.springframework.boot.test.autoconfigure.web.client.MockRestServiceServerResetTestExecutionListener@6e47fc8, org.springframework.boot.test.autoconfigure.web.servlet.MockMvcPrintOnlyOnFailureTestExecutionListener@3e7ec5c2, org.springframework.boot.test.autoconfigure.web.servlet.WebDriverTestExecutionListener@46cce752, org.springframework.boot.test.mock.mockito.ResetMocksTestExecutionListener@99bdd9e]
12:45:44.802 [Test worker] DEBUG org.springframework.test.annotation.ProfileValueUtils - Retrieved @ProfileValueSourceConfiguration [null] for test class [com.efrei.jpa.JpaApplicationTests]
12:45:44.803 [Test worker] DEBUG org.springframework.test.annotation.ProfileValueUtils - Retrieved ProfileValueSource type [class org.springframework.test.annotation.SystemProfileValueSource] for class [com.efrei.jpa.JpaApplicationTests]
12:45:44.804 [Test worker] DEBUG org.springframework.test.annotation.ProfileValueUtils - Retrieved @ProfileValueSourceConfiguration [null] for test class [com.efrei.jpa.JpaApplicationTests]
12:45:44.805 [Test worker] DEBUG org.springframework.test.annotation.ProfileValueUtils - Retrieved ProfileValueSource type [class org.springframework.test.annotation.SystemProfileValueSource] for class [com.efrei.jpa.JpaApplicationTests]
12:45:44.810 [Test worker] DEBUG org.springframework.test.context.support.AbstractDirtiesContextTestExecutionListener - Before test class: context [DefaultTestContext@2f40a229 testClass = JpaApplicationTests, testInstance = [null], testMethod = [null], testException = [null], mergedContextConfiguration = [WebMergedContextConfiguration@36ab6404 testClass = JpaApplicationTests, locations = '{}', classes = '{class com.efrei.jpa.JpaApplication}', contextInitializerClasses = '[]', activeProfiles = '{}', propertySourceLocations = '{}', propertySourceProperties = '{org.springframework.boot.test.context.SpringBootTestContextBootstrapper=true}', contextCustomizers = set[org.springframework.boot.test.autoconfigure.properties.PropertyMappingContextCustomizer@0, org.springframework.boot.test.autoconfigure.web.servlet.WebDriverContextCustomizerFactory$Customizer@70402f9e, org.springframework.boot.test.context.filter.ExcludeFilterContextCustomizer@24c6ce77, org.springframework.boot.test.json.DuplicateJsonObjectContextCustomizerFactory$DuplicateJsonObjectContextCustomizer@686c7460, org.springframework.boot.test.mock.mockito.MockitoContextCustomizer@0, org.springframework.boot.test.web.client.TestRestTemplateContextCustomizer@ff93670], resourceBasePath = 'src/main/webapp', contextLoader = 'org.springframework.boot.test.context.SpringBootContextLoader', parent = [null]], attributes = map['org.springframework.test.context.web.ServletTestExecutionListener.activateListener' -> true]], class annotated with @DirtiesContext [false] with mode [null].
12:45:44.811 [Test worker] DEBUG org.springframework.test.annotation.ProfileValueUtils - Retrieved @ProfileValueSourceConfiguration [null] for test class [com.efrei.jpa.JpaApplicationTests]
12:45:44.811 [Test worker] DEBUG org.springframework.test.annotation.ProfileValueUtils - Retrieved ProfileValueSource type [class org.springframework.test.annotation.SystemProfileValueSource] for class [com.efrei.jpa.JpaApplicationTests]
12:45:44.837 [Test worker] DEBUG org.springframework.test.context.support.TestPropertySourceUtils - Adding inlined properties to environment: {spring.jmx.enabled=false, org.springframework.boot.test.context.SpringBootTestContextBootstrapper=true, server.port=-1}

  .   ____          _            __ _ _
 /\\ / ___'_ __ _ _(_)_ __  __ _ \ \ \ \
( ( )\___ | '_ | '_| | '_ \/ _` | \ \ \ \
 \\/  ___)| |_)| | | | | || (_| |  ) ) ) )
  '  |____| .__|_| |_|_| |_\__, | / / / /
 =========|_|==============|___/=/_/_/_/
 :: Spring Boot ::        (v2.1.0.RELEASE)

2019-11-28 12:45:45.384  INFO 89314 --- [    Test worker] com.efrei.jpa.JpaApplicationTests        : Starting JpaApplicationTests on MacBook-Air-de-Ky.local with PID 89314 (started by kyguillaume in /Users/kyguillaume/eclipse-workspace/jpa_tpl-master)
2019-11-28 12:45:45.386  INFO 89314 --- [    Test worker] com.efrei.jpa.JpaApplicationTests        : No active profile set, falling back to default profiles: default
2019-11-28 12:45:46.639  INFO 89314 --- [    Test worker] .s.d.r.c.RepositoryConfigurationDelegate : Bootstrapping Spring Data repositories in DEFAULT mode.
2019-11-28 12:45:46.751  INFO 89314 --- [    Test worker] .s.d.r.c.RepositoryConfigurationDelegate : Finished Spring Data repository scanning in 99ms. Found 3 repository interfaces.
2019-11-28 12:45:47.429  INFO 89314 --- [    Test worker] trationDelegate$BeanPostProcessorChecker : Bean 'org.springframework.transaction.annotation.ProxyTransactionManagementConfiguration' of type [org.springframework.transaction.annotation.ProxyTransactionManagementConfiguration$$EnhancerBySpringCGLIB$$132abdfb] is not eligible for getting processed by all BeanPostProcessors (for example: not eligible for auto-proxying)
2019-11-28 12:45:47.789  INFO 89314 --- [    Test worker] com.zaxxer.hikari.HikariDataSource       : HikariPool-1 - Starting...
2019-11-28 12:45:48.022  INFO 89314 --- [    Test worker] com.zaxxer.hikari.HikariDataSource       : HikariPool-1 - Start completed.
2019-11-28 12:45:48.184  INFO 89314 --- [    Test worker] o.hibernate.jpa.internal.util.LogHelper  : HHH000204: Processing PersistenceUnitInfo [
	name: default
	...]
2019-11-28 12:45:48.293  INFO 89314 --- [    Test worker] org.hibernate.Version                    : HHH000412: Hibernate Core {5.3.7.Final}
2019-11-28 12:45:48.296  INFO 89314 --- [    Test worker] org.hibernate.cfg.Environment            : HHH000206: hibernate.properties not found
2019-11-28 12:45:48.570  INFO 89314 --- [    Test worker] o.hibernate.annotations.common.Version   : HCANN000001: Hibernate Commons Annotations {5.0.4.Final}
2019-11-28 12:45:48.802  INFO 89314 --- [    Test worker] org.hibernate.dialect.Dialect            : HHH000400: Using dialect: org.hibernate.dialect.H2Dialect
2019-11-28 12:45:50.049  INFO 89314 --- [    Test worker] o.h.t.schema.internal.SchemaCreatorImpl  : HHH000476: Executing import script 'org.hibernate.tool.schema.internal.exec.ScriptSourceInputNonExistentImpl@17bc8093'
2019-11-28 12:45:50.055  INFO 89314 --- [    Test worker] j.LocalContainerEntityManagerFactoryBean : Initialized JPA EntityManagerFactory for persistence unit 'default'
2019-11-28 12:45:51.693  INFO 89314 --- [    Test worker] o.s.s.concurrent.ThreadPoolTaskExecutor  : Initializing ExecutorService 'applicationTaskExecutor'
2019-11-28 12:45:51.802  WARN 89314 --- [    Test worker] aWebConfiguration$JpaWebMvcConfiguration : spring.jpa.open-in-view is enabled by default. Therefore, database queries may be performed during view rendering. Explicitly configure spring.jpa.open-in-view to disable this warning
2019-11-28 12:45:52.381  INFO 89314 --- [    Test worker] com.efrei.jpa.JpaApplicationTests        : Started JpaApplicationTests in 7.528 seconds (JVM running for 9.076)
]]></system-out>
  <system-err><![CDATA[]]></system-err>
</testsuite>
